This file contains any messages produced by compilers while
running configure, to aid debugging if configure makes a mistake.

It was created by libeXosip2 configure 5.3.0, which was
generated by GNU Autoconf 2.71.  Invocation command line was

  $ ./configure --no-create --no-recursion

## --------- ##
## Platform. ##
## --------- ##

hostname = HP
uname -m = x86_64
uname -r = 5.19.0-45-generic
uname -s = Linux
uname -v = #46~22.04.1-Ubuntu SMP PREEMPT_DYNAMIC Wed Jun 7 15:06:04 UTC 20

/usr/bin/uname -p = x86_64
/bin/uname -X     = unknown

/bin/arch              = x86_64
/usr/bin/arch -k       = unknown
/usr/convex/getsysinfo = unknown
/usr/bin/hostinfo      = unknown
/bin/machine           = unknown
/usr/bin/oslevel       = unknown
/bin/universe          = unknown

PATH: /usr/local/sbin/
PATH: /usr/local/bin/
PATH: /usr/sbin/
PATH: /usr/bin/
PATH: /sbin/
PATH: /bin/
PATH: /usr/games/
PATH: /usr/local/games/
PATH: /snap/bin/
PATH: /usr/local/hive/bin/
PATH: /usr/local/hive/lib/


## ----------- ##
## Core tests. ##
## ----------- ##

configure:2452: looking for aux files: ltmain.sh compile config.guess config.sub missing install-sh
configure:2465:  trying ./scripts/
configure:2494:   ./scripts/ltmain.sh found
configure:2494:   ./scripts/compile found
configure:2494:   ./scripts/config.guess found
configure:2494:   ./scripts/config.sub found
configure:2494:   ./scripts/missing found
configure:2476:   ./scripts/install-sh found
configure:2607: libeXosip2              The Extended Open SIP library.
configure:2609: Copyright (C) 2002-2021 Aymeric MOIZARD - <amoizard@antisip.com>
configure:2621: result: Configuring  
configure:2624: result: Building Package on linux
configure:2649: checking for a BSD-compatible install
configure:2722: result: /usr/bin/install -c
configure:2733: checking whether build environment is sane
configure:2788: result: yes
configure:2947: checking for a race-free mkdir -p
configure:2991: result: /usr/bin/mkdir -p
configure:2998: checking for gawk
configure:3019: found /usr/bin/gawk
configure:3030: result: gawk
configure:3041: checking whether make sets $(MAKE)
configure:3064: result: yes
configure:3094: checking whether make supports nested variables
configure:3112: result: yes
configure:3260: checking whether make supports nested variables
configure:3278: result: yes
configure:3297: checking build system type
configure:3312: result: x86_64-unknown-linux-gnu
configure:3332: checking host system type
configure:3346: result: x86_64-unknown-linux-gnu
configure:3430: checking for gcc
configure:3451: found /usr/bin/gcc
configure:3462: result: gcc
configure:3815: checking for C compiler version
configure:3824: gcc --version >&5
gcc (Ubuntu 11.3.0-1ubuntu1~22.04.1) 11.3.0
Copyright (C) 2021 Free Software Foundation, Inc.
This is free software; see the source for copying conditions.  There is NO
warranty; not even for MERCHANTABILITY or FITNESS FOR A PARTICULAR PURPOSE.

configure:3835: $? = 0
configure:3824: gcc -v >&5
Using built-in specs.
COLLECT_GCC=gcc
COLLECT_LTO_WRAPPER=/usr/lib/gcc/x86_64-linux-gnu/11/lto-wrapper
OFFLOAD_TARGET_NAMES=nvptx-none:amdgcn-amdhsa
OFFLOAD_TARGET_DEFAULT=1
Target: x86_64-linux-gnu
Configured with: ../src/configure -v --with-pkgversion='Ubuntu 11.3.0-1ubuntu1~22.04.1' --with-bugurl=file:///usr/share/doc/gcc-11/README.Bugs --enable-languages=c,ada,c++,go,brig,d,fortran,objc,obj-c++,m2 --prefix=/usr --with-gcc-major-version-only --program-suffix=-11 --program-prefix=x86_64-linux-gnu- --enable-shared --enable-linker-build-id --libexecdir=/usr/lib --without-included-gettext --enable-threads=posix --libdir=/usr/lib --enable-nls --enable-bootstrap --enable-clocale=gnu --enable-libstdcxx-debug --enable-libstdcxx-time=yes --with-default-libstdcxx-abi=new --enable-gnu-unique-object --disable-vtable-verify --enable-plugin --enable-default-pie --with-system-zlib --enable-libphobos-checking=release --with-target-system-zlib=auto --enable-objc-gc=auto --enable-multiarch --disable-werror --enable-cet --with-arch-32=i686 --with-abi=m64 --with-multilib-list=m32,m64,mx32 --enable-multilib --with-tune=generic --enable-offload-targets=nvptx-none=/build/gcc-11-aYxV0E/gcc-11-11.3.0/debian/tmp-nvptx/usr,amdgcn-amdhsa=/build/gcc-11-aYxV0E/gcc-11-11.3.0/debian/tmp-gcn/usr --without-cuda-driver --enable-checking=release --build=x86_64-linux-gnu --host=x86_64-linux-gnu --target=x86_64-linux-gnu --with-build-config=bootstrap-lto-lean --enable-link-serialization=2
Thread model: posix
Supported LTO compression algorithms: zlib zstd
gcc version 11.3.0 (Ubuntu 11.3.0-1ubuntu1~22.04.1) 
... rest of stderr output deleted ...
configure:3835: $? = 0
configure:3824: gcc -V >&5
gcc: error: unrecognized command-line option '-V'
gcc: fatal error: no input files
compilation terminated.
configure:3835: $? = 1
configure:3824: gcc -qversion >&5
gcc: error: unrecognized command-line option '-qversion'; did you mean '--version'?
gcc: fatal error: no input files
compilation terminated.
configure:3835: $? = 1
configure:3824: gcc -version >&5
gcc: error: unrecognized command-line option '-version'
gcc: fatal error: no input files
compilation terminated.
configure:3835: $? = 1
configure:3855: checking whether the C compiler works
configure:3877: gcc    conftest.c  >&5
configure:3881: $? = 0
configure:3931: result: yes
configure:3934: checking for C compiler default output file name
configure:3936: result: a.out
configure:3942: checking for suffix of executables
configure:3949: gcc -o conftest    conftest.c  >&5
configure:3953: $? = 0
configure:3976: result: 
configure:3998: checking whether we are cross compiling
configure:4006: gcc -o conftest    conftest.c  >&5
configure:4010: $? = 0
configure:4017: ./conftest
configure:4021: $? = 0
configure:4036: result: no
configure:4041: checking for suffix of object files
configure:4064: gcc -c   conftest.c >&5
configure:4068: $? = 0
configure:4090: result: o
configure:4094: checking whether the compiler supports GNU C
configure:4114: gcc -c   conftest.c >&5
configure:4114: $? = 0
configure:4124: result: yes
configure:4135: checking whether gcc accepts -g
configure:4156: gcc -c -g  conftest.c >&5
configure:4156: $? = 0
configure:4200: result: yes
configure:4220: checking for gcc option to enable C11 features
configure:4235: gcc  -c -g -O2  conftest.c >&5
configure:4235: $? = 0
configure:4253: result: none needed
configure:4369: checking whether gcc understands -c and -o together
configure:4392: gcc -c conftest.c -o conftest2.o
configure:4395: $? = 0
configure:4392: gcc -c conftest.c -o conftest2.o
configure:4395: $? = 0
configure:4407: result: yes
configure:4427: checking whether make supports the include directive
configure:4442: make -f confmf.GNU && cat confinc.out
make[1]: Entering directory '/home/unasaw/sip_project/libexosip2-5.3.0'
make[1]: Leaving directory '/home/unasaw/sip_project/libexosip2-5.3.0'
this is the am__doit target
configure:4445: $? = 0
configure:4464: result: yes (GNU style)
configure:4490: checking dependency style of gcc
configure:4602: result: gcc3
configure:4622: checking how to run the C preprocessor
configure:4648: gcc -E  conftest.c
configure:4648: $? = 0
configure:4663: gcc -E  conftest.c
conftest.c:11:10: fatal error: ac_nonexistent.h: No such file or directory
   11 | #include <ac_nonexistent.h>
      |          ^~~~~~~~~~~~~~~~~~
compilation terminated.
configure:4663: $? = 1
configure: failed program was:
| /* confdefs.h */
| #define PACKAGE_NAME "libeXosip2"
| #define PACKAGE_TARNAME "libexosip2"
| #define PACKAGE_VERSION "5.3.0"
| #define PACKAGE_STRING "libeXosip2 5.3.0"
| #define PACKAGE_BUGREPORT ""
| #define PACKAGE_URL ""
| #define PACKAGE "libexosip2"
| #define VERSION "5.3.0"
| /* end confdefs.h.  */
| #include <ac_nonexistent.h>
configure:4690: result: gcc -E
configure:4704: gcc -E  conftest.c
configure:4704: $? = 0
configure:4719: gcc -E  conftest.c
conftest.c:11:10: fatal error: ac_nonexistent.h: No such file or directory
   11 | #include <ac_nonexistent.h>
      |          ^~~~~~~~~~~~~~~~~~
compilation terminated.
configure:4719: $? = 1
configure: failed program was:
| /* confdefs.h */
| #define PACKAGE_NAME "libeXosip2"
| #define PACKAGE_TARNAME "libexosip2"
| #define PACKAGE_VERSION "5.3.0"
| #define PACKAGE_STRING "libeXosip2 5.3.0"
| #define PACKAGE_BUGREPORT ""
| #define PACKAGE_URL ""
| #define PACKAGE "libexosip2"
| #define VERSION "5.3.0"
| /* end confdefs.h.  */
| #include <ac_nonexistent.h>
configure:4751: checking for a sed that does not truncate output
configure:4821: result: /usr/bin/sed
configure:4873: checking how to print strings
configure:4900: result: printf
configure:4921: checking for a sed that does not truncate output
configure:4991: result: /usr/bin/sed
configure:5009: checking for grep that handles long lines and -e
configure:5073: result: /usr/bin/grep
configure:5078: checking for egrep
configure:5146: result: /usr/bin/grep -E
configure:5151: checking for fgrep
configure:5219: result: /usr/bin/grep -F
configure:5255: checking for ld used by gcc
configure:5323: result: /usr/bin/ld
configure:5330: checking if the linker (/usr/bin/ld) is GNU ld
configure:5346: result: yes
configure:5358: checking for BSD- or MS-compatible name lister (nm)
configure:5413: result: /usr/bin/nm -B
configure:5553: checking the name lister (/usr/bin/nm -B) interface
configure:5561: gcc -c -g -O2  conftest.c >&5
configure:5564: /usr/bin/nm -B "conftest.o"
configure:5567: output
0000000000000000 B some_variable
configure:5574: result: BSD nm
configure:5577: checking whether ln -s works
configure:5581: result: yes
configure:5589: checking the maximum length of command line arguments
configure:5721: result: 1572864
configure:5769: checking how to convert x86_64-unknown-linux-gnu file names to x86_64-unknown-linux-gnu format
configure:5810: result: func_convert_file_noop
configure:5817: checking how to convert x86_64-unknown-linux-gnu file names to toolchain format
configure:5838: result: func_convert_file_noop
configure:5845: checking for /usr/bin/ld option to reload object files
configure:5853: result: -r
configure:5932: checking for objdump
configure:5953: found /usr/bin/objdump
configure:5964: result: objdump
configure:5996: checking how to recognize dependent libraries
configure:6197: result: pass_all
configure:6287: checking for dlltool
configure:6322: result: no
configure:6352: checking how to associate runtime and link libraries
configure:6380: result: printf %s\n
configure:6446: checking for ar
configure:6467: found /usr/bin/ar
configure:6478: result: ar
configure:6515: checking for archiver @FILE support
configure:6533: gcc -c -g -O2  conftest.c >&5
configure:6533: $? = 0
configure:6537: ar cru libconftest.a @conftest.lst >&5
ar: `u' modifier ignored since `D' is the default (see `U')
configure:6540: $? = 0
configure:6545: ar cru libconftest.a @conftest.lst >&5
ar: `u' modifier ignored since `D' is the default (see `U')
ar: conftest.o: No such file or directory
configure:6548: $? = 1
configure:6560: result: @
configure:6623: checking for strip
configure:6644: found /usr/bin/strip
configure:6655: result: strip
configure:6732: checking for ranlib
configure:6753: found /usr/bin/ranlib
configure:6764: result: ranlib
configure:6866: checking command to parse /usr/bin/nm -B output from gcc object
configure:7020: gcc -c -g -O2  conftest.c >&5
configure:7023: $? = 0
configure:7027: /usr/bin/nm -B conftest.o | sed -n -e 's/^.*[	 ]\([ABCDGIRSTW][ABCDGIRSTW]*\)[	 ][	 ]*\([_A-Za-z][_A-Za-z0-9]*\)$/\1 \2 \2/p' | sed '/ __gnu_lto/d' > conftest.nm
configure:7093: gcc -o conftest -g -O2   conftest.c conftstm.o >&5
configure:7096: $? = 0
configure:7134: result: ok
configure:7181: checking for sysroot
configure:7212: result: no
configure:7219: checking for a working dd
configure:7263: result: /usr/bin/dd
configure:7267: checking how to truncate binary pipes
configure:7283: result: /usr/bin/dd bs=4096 count=1
configure:7420: gcc -c -g -O2  conftest.c >&5
configure:7423: $? = 0
configure:7620: checking for mt
configure:7641: found /usr/bin/mt
configure:7652: result: mt
configure:7675: checking if mt is a manifest tool
configure:7682: mt '-?'
configure:7690: result: no
configure:8420: checking for stdio.h
configure:8420: gcc -c -g -O2  conftest.c >&5
configure:8420: $? = 0
configure:8420: result: yes
configure:8420: checking for stdlib.h
configure:8420: gcc -c -g -O2  conftest.c >&5
configure:8420: $? = 0
configure:8420: result: yes
configure:8420: checking for string.h
configure:8420: gcc -c -g -O2  conftest.c >&5
configure:8420: $? = 0
configure:8420: result: yes
configure:8420: checking for inttypes.h
configure:8420: gcc -c -g -O2  conftest.c >&5
configure:8420: $? = 0
configure:8420: result: yes
configure:8420: checking for stdint.h
configure:8420: gcc -c -g -O2  conftest.c >&5
configure:8420: $? = 0
configure:8420: result: yes
configure:8420: checking for strings.h
configure:8420: gcc -c -g -O2  conftest.c >&5
configure:8420: $? = 0
configure:8420: result: yes
configure:8420: checking for sys/stat.h
configure:8420: gcc -c -g -O2  conftest.c >&5
configure:8420: $? = 0
configure:8420: result: yes
configure:8420: checking for sys/types.h
configure:8420: gcc -c -g -O2  conftest.c >&5
configure:8420: $? = 0
configure:8420: result: yes
configure:8420: checking for unistd.h
configure:8420: gcc -c -g -O2  conftest.c >&5
configure:8420: $? = 0
configure:8420: result: yes
configure:8445: checking for dlfcn.h
configure:8445: gcc -c -g -O2  conftest.c >&5
configure:8445: $? = 0
configure:8445: result: yes
configure:8704: checking for objdir
configure:8720: result: .libs
configure:8984: checking if gcc supports -fno-rtti -fno-exceptions
configure:9003: gcc -c -g -O2  -fno-rtti -fno-exceptions conftest.c >&5
cc1: warning: command-line option '-fno-rtti' is valid for C++/D/ObjC++ but not for C
configure:9007: $? = 0
configure:9020: result: no
configure:9378: checking for gcc option to produce PIC
configure:9386: result: -fPIC -DPIC
configure:9394: checking if gcc PIC flag -fPIC -DPIC works
configure:9413: gcc -c -g -O2  -fPIC -DPIC -DPIC conftest.c >&5
configure:9417: $? = 0
configure:9430: result: yes
configure:9459: checking if gcc static flag -static works
configure:9488: result: yes
configure:9503: checking if gcc supports -c -o file.o
configure:9525: gcc -c -g -O2  -o out/conftest2.o conftest.c >&5
configure:9529: $? = 0
configure:9551: result: yes
configure:9559: checking if gcc supports -c -o file.o
configure:9607: result: yes
configure:9640: checking whether the gcc linker (/usr/bin/ld -m elf_x86_64) supports shared libraries
configure:10910: result: yes
configure:10947: checking whether -lc should be explicitly linked in
configure:10956: gcc -c -g -O2  conftest.c >&5
configure:10959: $? = 0
configure:10974: gcc -shared  -fPIC -DPIC conftest.o  -v -Wl,-soname -Wl,conftest -o conftest 2\>\&1 \| /usr/bin/grep  -lc  \>/dev/null 2\>\&1
configure:10977: $? = 0
configure:10991: result: no
configure:11151: checking dynamic linker characteristics
configure:11733: gcc -o conftest -g -O2   -Wl,-rpath -Wl,/foo conftest.c  >&5
configure:11733: $? = 0
configure:11984: result: GNU/Linux ld.so
configure:12106: checking how to hardcode library paths into programs
configure:12131: result: immediate
configure:12683: checking whether stripping libraries is possible
configure:12688: result: yes
configure:12723: checking if libtool supports shared libraries
configure:12725: result: yes
configure:12728: checking whether to build shared libraries
configure:12753: result: yes
configure:12756: checking whether to build static libraries
configure:12760: result: yes
configure:13006: checking if compiler needs -Werror to reject unknown flags
configure:13022: gcc -c -g -O2 -Werror -Wunknown-warning-option -Wsizeof-array-argument  conftest.c >&5
gcc: error: unrecognized command-line option '-Wunknown-warning-option'
configure:13022: $? = 1
configure: failed program was:
| /* confdefs.h */
| #define PACKAGE_NAME "libeXosip2"
| #define PACKAGE_TARNAME "libexosip2"
| #define PACKAGE_VERSION "5.3.0"
| #define PACKAGE_STRING "libeXosip2 5.3.0"
| #define PACKAGE_BUGREPORT ""
| #define PACKAGE_URL ""
| #define PACKAGE "libexosip2"
| #define VERSION "5.3.0"
| #define HAVE_STDIO_H 1
| #define HAVE_STDLIB_H 1
| #define HAVE_STRING_H 1
| #define HAVE_INTTYPES_H 1
| #define HAVE_STDINT_H 1
| #define HAVE_STRINGS_H 1
| #define HAVE_SYS_STAT_H 1
| #define HAVE_SYS_TYPES_H 1
| #define HAVE_UNISTD_H 1
| #define STDC_HEADERS 1
| #define HAVE_DLFCN_H 1
| #define LT_OBJDIR ".libs/"
| /* end confdefs.h.  */
| int foo(void);
| int
| main (void)
| {
| foo()
|   ;
|   return 0;
| }
configure:13028: result: no
configure:13099: checking for the pthreads library -lpthreads
configure:13137: gcc -o conftest -g -O2     conftest.c -lpthreads  >&5
/usr/bin/ld: cannot find -lpthreads: No such file or directory
collect2: error: ld returned 1 exit status
configure:13137: $? = 1
configure: failed program was:
| /* confdefs.h */
| #define PACKAGE_NAME "libeXosip2"
| #define PACKAGE_TARNAME "libexosip2"
| #define PACKAGE_VERSION "5.3.0"
| #define PACKAGE_STRING "libeXosip2 5.3.0"
| #define PACKAGE_BUGREPORT ""
| #define PACKAGE_URL ""
| #define PACKAGE "libexosip2"
| #define VERSION "5.3.0"
| #define HAVE_STDIO_H 1
| #define HAVE_STDLIB_H 1
| #define HAVE_STRING_H 1
| #define HAVE_INTTYPES_H 1
| #define HAVE_STDINT_H 1
| #define HAVE_STRINGS_H 1
| #define HAVE_SYS_STAT_H 1
| #define HAVE_SYS_TYPES_H 1
| #define HAVE_UNISTD_H 1
| #define STDC_HEADERS 1
| #define HAVE_DLFCN_H 1
| #define LT_OBJDIR ".libs/"
| /* end confdefs.h.  */
| #include <pthread.h>
|                         static void routine(void *a) { a = 0; }
|                         static void *start_routine(void *a) { return a; }
| int
| main (void)
| {
| pthread_t th; pthread_attr_t attr;
|                         pthread_create(&th, 0, start_routine, 0);
|                         pthread_join(th, 0);
|                         pthread_attr_init(&attr);
|                         pthread_cleanup_push(routine, 0);
|                         pthread_cleanup_pop(0) /* ; */
|   ;
|   return 0;
| }
configure:13147: result: no
configure:13039: checking whether pthreads work without any flags
configure:13137: gcc -o conftest -g -O2     conftest.c   >&5
configure:13137: $? = 0
configure:13147: result: yes
configure:13166: checking for joinable pthread attribute
configure:13181: gcc -o conftest -g -O2    conftest.c   >&5
configure:13181: $? = 0
configure:13188: result: PTHREAD_CREATE_JOINABLE
configure:13196: checking if more special flags are required for pthreads
configure:13211: result: no
configure:13217: checking for PTHREAD_PRIO_INHERIT
configure:13235: gcc -o conftest -g -O2    conftest.c   >&5
configure:13235: $? = 0
configure:13245: result: yes
configure:13366: checking for semaphore.h
configure:13366: gcc -c -g -O2   conftest.c >&5
configure:13366: $? = 0
configure:13366: result: yes
configure:13373: checking for sys/sem.h
configure:13373: gcc -c -g -O2   conftest.c >&5
configure:13373: $? = 0
configure:13373: result: yes
configure:13475: checking for sem_open in -lposix4
configure:13498: gcc -o conftest -g -O2    conftest.c -lposix4    >&5
/usr/bin/ld: cannot find -lposix4: No such file or directory
collect2: error: ld returned 1 exit status
configure:13498: $? = 1
configure: failed program was:
| /* confdefs.h */
| #define PACKAGE_NAME "libeXosip2"
| #define PACKAGE_TARNAME "libexosip2"
| #define PACKAGE_VERSION "5.3.0"
| #define PACKAGE_STRING "libeXosip2 5.3.0"
| #define PACKAGE_BUGREPORT ""
| #define PACKAGE_URL ""
| #define PACKAGE "libexosip2"
| #define VERSION "5.3.0"
| #define HAVE_STDIO_H 1
| #define HAVE_STDLIB_H 1
| #define HAVE_STRING_H 1
| #define HAVE_INTTYPES_H 1
| #define HAVE_STDINT_H 1
| #define HAVE_STRINGS_H 1
| #define HAVE_SYS_STAT_H 1
| #define HAVE_SYS_TYPES_H 1
| #define HAVE_UNISTD_H 1
| #define STDC_HEADERS 1
| #define HAVE_DLFCN_H 1
| #define LT_OBJDIR ".libs/"
| #define HAVE_PTHREAD_PRIO_INHERIT 1
| #define HAVE_PTHREAD 1
| #define HAVE_SEMAPHORE_H 1
| #define HAVE_SYS_SEM_H 1
| /* end confdefs.h.  */
| 
| /* Override any GCC internal prototype to avoid an error.
|    Use char because int might match the return type of a GCC
|    builtin and then its argument prototype would still apply.  */
| char sem_open ();
| int
| main (void)
| {
| return sem_open ();
|   ;
|   return 0;
| }
configure:13508: result: no
configure:13515: checking for nis_add in -lnsl
configure:13538: gcc -o conftest -g -O2    conftest.c -lnsl    >&5
configure:13538: $? = 0
configure:13548: result: yes
configure:13555: checking for sendto in -lsocket
configure:13578: gcc -o conftest -g -O2    conftest.c -lsocket    >&5
/usr/bin/ld: cannot find -lsocket: No such file or directory
collect2: error: ld returned 1 exit status
configure:13578: $? = 1
configure: failed program was:
| /* confdefs.h */
| #define PACKAGE_NAME "libeXosip2"
| #define PACKAGE_TARNAME "libexosip2"
| #define PACKAGE_VERSION "5.3.0"
| #define PACKAGE_STRING "libeXosip2 5.3.0"
| #define PACKAGE_BUGREPORT ""
| #define PACKAGE_URL ""
| #define PACKAGE "libexosip2"
| #define VERSION "5.3.0"
| #define HAVE_STDIO_H 1
| #define HAVE_STDLIB_H 1
| #define HAVE_STRING_H 1
| #define HAVE_INTTYPES_H 1
| #define HAVE_STDINT_H 1
| #define HAVE_STRINGS_H 1
| #define HAVE_SYS_STAT_H 1
| #define HAVE_SYS_TYPES_H 1
| #define HAVE_UNISTD_H 1
| #define STDC_HEADERS 1
| #define HAVE_DLFCN_H 1
| #define LT_OBJDIR ".libs/"
| #define HAVE_PTHREAD_PRIO_INHERIT 1
| #define HAVE_PTHREAD 1
| #define HAVE_SEMAPHORE_H 1
| #define HAVE_SYS_SEM_H 1
| /* end confdefs.h.  */
| 
| /* Override any GCC internal prototype to avoid an error.
|    Use char because int might match the return type of a GCC
|    builtin and then its argument prototype would still apply.  */
| char sendto ();
| int
| main (void)
| {
| return sendto ();
|   ;
|   return 0;
| }
configure:13588: result: no
configure:13595: checking for clock_gettime in -lrt
configure:13618: gcc -o conftest -g -O2    conftest.c -lrt    >&5
configure:13618: $? = 0
configure:13628: result: yes
configure:13640: checking for res_query in -lresolv
configure:13663: gcc -o conftest -g -O2    conftest.c -lresolv    >&5
configure:13663: $? = 0
configure:13673: result: yes
configure:13680: checking for __res_query in -lresolv
configure:13703: gcc -o conftest -g -O2    conftest.c -lresolv    >&5
/usr/bin/ld: /tmp/cc2LqpZw.o: in function `main':
/home/unasaw/sip_project/libexosip2-5.3.0/conftest.c:35: undefined reference to `__res_query'
collect2: error: ld returned 1 exit status
configure:13703: $? = 1
configure: failed program was:
| /* confdefs.h */
| #define PACKAGE_NAME "libeXosip2"
| #define PACKAGE_TARNAME "libexosip2"
| #define PACKAGE_VERSION "5.3.0"
| #define PACKAGE_STRING "libeXosip2 5.3.0"
| #define PACKAGE_BUGREPORT ""
| #define PACKAGE_URL ""
| #define PACKAGE "libexosip2"
| #define VERSION "5.3.0"
| #define HAVE_STDIO_H 1
| #define HAVE_STDLIB_H 1
| #define HAVE_STRING_H 1
| #define HAVE_INTTYPES_H 1
| #define HAVE_STDINT_H 1
| #define HAVE_STRINGS_H 1
| #define HAVE_SYS_STAT_H 1
| #define HAVE_SYS_TYPES_H 1
| #define HAVE_UNISTD_H 1
| #define STDC_HEADERS 1
| #define HAVE_DLFCN_H 1
| #define LT_OBJDIR ".libs/"
| #define HAVE_PTHREAD_PRIO_INHERIT 1
| #define HAVE_PTHREAD 1
| #define HAVE_SEMAPHORE_H 1
| #define HAVE_SYS_SEM_H 1
| /* end confdefs.h.  */
| 
| /* Override any GCC internal prototype to avoid an error.
|    Use char because int might match the return type of a GCC
|    builtin and then its argument prototype would still apply.  */
| char __res_query ();
| int
| main (void)
| {
| return __res_query ();
|   ;
|   return 0;
| }
configure:13713: result: no
configure:13723: checking for ares_init in -lcares
configure:13746: gcc -o conftest -g -O2    conftest.c -lcares    >&5
/usr/bin/ld: cannot find -lcares: No such file or directory
collect2: error: ld returned 1 exit status
configure:13746: $? = 1
configure: failed program was:
| /* confdefs.h */
| #define PACKAGE_NAME "libeXosip2"
| #define PACKAGE_TARNAME "libexosip2"
| #define PACKAGE_VERSION "5.3.0"
| #define PACKAGE_STRING "libeXosip2 5.3.0"
| #define PACKAGE_BUGREPORT ""
| #define PACKAGE_URL ""
| #define PACKAGE "libexosip2"
| #define VERSION "5.3.0"
| #define HAVE_STDIO_H 1
| #define HAVE_STDLIB_H 1
| #define HAVE_STRING_H 1
| #define HAVE_INTTYPES_H 1
| #define HAVE_STDINT_H 1
| #define HAVE_STRINGS_H 1
| #define HAVE_SYS_STAT_H 1
| #define HAVE_SYS_TYPES_H 1
| #define HAVE_UNISTD_H 1
| #define STDC_HEADERS 1
| #define HAVE_DLFCN_H 1
| #define LT_OBJDIR ".libs/"
| #define HAVE_PTHREAD_PRIO_INHERIT 1
| #define HAVE_PTHREAD 1
| #define HAVE_SEMAPHORE_H 1
| #define HAVE_SYS_SEM_H 1
| /* end confdefs.h.  */
| 
| /* Override any GCC internal prototype to avoid an error.
|    Use char because int might match the return type of a GCC
|    builtin and then its argument prototype would still apply.  */
| char ares_init ();
| int
| main (void)
| {
| return ares_init ();
|   ;
|   return 0;
| }
configure:13756: result: no
configure:13775: WARNING: c-ares library is not installed
configure:13840: checking for pkg-config
configure:13863: found /usr/bin/pkg-config
configure:13875: result: /usr/bin/pkg-config
configure:13900: checking pkg-config is at least version 0.9.0
configure:13903: result: yes
configure:13913: checking for libosip2 >= 5.0
configure:13920: $PKG_CONFIG --exists --print-errors "libosip2 >= 5.0"
configure:13923: $? = 0
configure:13937: $PKG_CONFIG --exists --print-errors "libosip2 >= 5.0"
configure:13940: $? = 0
configure:13988: result: yes
configure:13995: checking whether -Wall works
configure:14015: gcc -c -g -O2  -Wall conftest.c >&5
configure:14015: $? = 0
configure:14025: result: yes
configure:14032: checking whether -Wcast-align works
configure:14052: gcc -c -g -O2  -Wcast-align conftest.c >&5
configure:14052: $? = 0
configure:14062: result: yes
configure:14069: checking whether -Wchar-subscripts works
configure:14089: gcc -c -g -O2  -Wchar-subscripts conftest.c >&5
configure:14089: $? = 0
configure:14099: result: yes
configure:14106: checking whether -Wformat works
configure:14126: gcc -c -g -O2  -Wformat conftest.c >&5
configure:14126: $? = 0
configure:14136: result: yes
configure:14143: checking whether -Winline works
configure:14163: gcc -c -g -O2  -Winline conftest.c >&5
configure:14163: $? = 0
configure:14173: result: yes
configure:14180: checking whether -Wmissing-declarations works
configure:14200: gcc -c -g -O2  -Wmissing-declarations conftest.c >&5
configure:14200: $? = 0
configure:14210: result: yes
configure:14217: checking whether -Wmissing-prototypes works
configure:14237: gcc -c -g -O2  -Wmissing-prototypes conftest.c >&5
configure:14237: $? = 0
configure:14247: result: yes
configure:14254: checking whether -Wnested-externs works
configure:14274: gcc -c -g -O2  -Wnested-externs conftest.c >&5
configure:14274: $? = 0
configure:14284: result: yes
configure:14291: checking whether -Wpointer-arith works
configure:14311: gcc -c -g -O2  -Wpointer-arith conftest.c >&5
configure:14311: $? = 0
configure:14321: result: yes
configure:14334: checking for egrep
configure:14402: result: /usr/bin/grep -E
configure:14408: checking for memory.h
configure:14408: gcc -c -g -O2   -Wall -Wcast-align -Wchar-subscripts -Wformat -Winline -Wmissing-declarations -Wmissing-prototypes -Wnested-externs -Wpointer-arith conftest.c >&5
configure:14408: $? = 0
configure:14408: result: yes
configure:14415: checking for ctype.h
configure:14415: gcc -c -g -O2   -Wall -Wcast-align -Wchar-subscripts -Wformat -Winline -Wmissing-declarations -Wmissing-prototypes -Wnested-externs -Wpointer-arith conftest.c >&5
configure:14415: $? = 0
configure:14415: result: yes
configure:14422: checking for string.h
configure:14422: result: yes
configure:14429: checking for strings.h
configure:14429: result: yes
configure:14436: checking for stdio.h
configure:14436: result: yes
configure:14443: checking for stdlib.h
configure:14443: result: yes
configure:14450: checking for limits.h
configure:14450: gcc -c -g -O2   -Wall -Wcast-align -Wchar-subscripts -Wformat -Winline -Wmissing-declarations -Wmissing-prototypes -Wnested-externs -Wpointer-arith conftest.c >&5
configure:14450: $? = 0
configure:14450: result: yes
configure:14457: checking for unistd.h
configure:14457: result: yes
configure:14464: checking for stdarg.h
configure:14464: gcc -c -g -O2   -Wall -Wcast-align -Wchar-subscripts -Wformat -Winline -Wmissing-declarations -Wmissing-prototypes -Wnested-externs -Wpointer-arith conftest.c >&5
configure:14464: $? = 0
configure:14464: result: yes
configure:14471: checking for varargs.h
configure:14471: gcc -c -g -O2   -Wall -Wcast-align -Wchar-subscripts -Wformat -Winline -Wmissing-declarations -Wmissing-prototypes -Wnested-externs -Wpointer-arith conftest.c >&5
In file included from conftest.c:64:
/usr/lib/gcc/x86_64-linux-gnu/11/include/varargs.h:4:2: error: #error "GCC no longer implements <varargs.h>."
    4 | #error "GCC no longer implements <varargs.h>."
      |  ^~~~~
/usr/lib/gcc/x86_64-linux-gnu/11/include/varargs.h:5:2: error: #error "Revise your code to use <stdarg.h>."
    5 | #error "Revise your code to use <stdarg.h>."
      |  ^~~~~
configure:14471: $? = 1
configure: failed program was:
| /* confdefs.h */
| #define PACKAGE_NAME "libeXosip2"
| #define PACKAGE_TARNAME "libexosip2"
| #define PACKAGE_VERSION "5.3.0"
| #define PACKAGE_STRING "libeXosip2 5.3.0"
| #define PACKAGE_BUGREPORT ""
| #define PACKAGE_URL ""
| #define PACKAGE "libexosip2"
| #define VERSION "5.3.0"
| #define HAVE_STDIO_H 1
| #define HAVE_STDLIB_H 1
| #define HAVE_STRING_H 1
| #define HAVE_INTTYPES_H 1
| #define HAVE_STDINT_H 1
| #define HAVE_STRINGS_H 1
| #define HAVE_SYS_STAT_H 1
| #define HAVE_SYS_TYPES_H 1
| #define HAVE_UNISTD_H 1
| #define STDC_HEADERS 1
| #define HAVE_DLFCN_H 1
| #define LT_OBJDIR ".libs/"
| #define HAVE_PTHREAD_PRIO_INHERIT 1
| #define HAVE_PTHREAD 1
| #define HAVE_SEMAPHORE_H 1
| #define HAVE_SYS_SEM_H 1
| #define HAVE_MEMORY_H 1
| #define HAVE_CTYPE_H 1
| #define HAVE_STRING_H 1
| #define HAVE_STRINGS_H 1
| #define HAVE_STDIO_H 1
| #define HAVE_STDLIB_H 1
| #define HAVE_LIMITS_H 1
| #define HAVE_UNISTD_H 1
| #define HAVE_STDARG_H 1
| /* end confdefs.h.  */
| #include <stddef.h>
| #ifdef HAVE_STDIO_H
| # include <stdio.h>
| #endif
| #ifdef HAVE_STDLIB_H
| # include <stdlib.h>
| #endif
| #ifdef HAVE_STRING_H
| # include <string.h>
| #endif
| #ifdef HAVE_INTTYPES_H
| # include <inttypes.h>
| #endif
| #ifdef HAVE_STDINT_H
| # include <stdint.h>
| #endif
| #ifdef HAVE_STRINGS_H
| # include <strings.h>
| #endif
| #ifdef HAVE_SYS_TYPES_H
| # include <sys/types.h>
| #endif
| #ifdef HAVE_SYS_STAT_H
| # include <sys/stat.h>
| #endif
| #ifdef HAVE_UNISTD_H
| # include <unistd.h>
| #endif
| #include <varargs.h>
configure:14471: result: no
configure:14478: checking for sys/time.h
configure:14478: gcc -c -g -O2   -Wall -Wcast-align -Wchar-subscripts -Wformat -Winline -Wmissing-declarations -Wmissing-prototypes -Wnested-externs -Wpointer-arith conftest.c >&5
configure:14478: $? = 0
configure:14478: result: yes
configure:14485: checking for assert.h
configure:14485: gcc -c -g -O2   -Wall -Wcast-align -Wchar-subscripts -Wformat -Winline -Wmissing-declarations -Wmissing-prototypes -Wnested-externs -Wpointer-arith conftest.c >&5
configure:14485: $? = 0
configure:14485: result: yes
configure:14492: checking for signal.h
configure:14492: gcc -c -g -O2   -Wall -Wcast-align -Wchar-subscripts -Wformat -Winline -Wmissing-declarations -Wmissing-prototypes -Wnested-externs -Wpointer-arith conftest.c >&5
configure:14492: $? = 0
configure:14492: result: yes
configure:14499: checking for sys/signal.h
configure:14499: gcc -c -g -O2   -Wall -Wcast-align -Wchar-subscripts -Wformat -Winline -Wmissing-declarations -Wmissing-prototypes -Wnested-externs -Wpointer-arith conftest.c >&5
configure:14499: $? = 0
configure:14499: result: yes
configure:14506: checking for malloc.h
configure:14506: gcc -c -g -O2   -Wall -Wcast-align -Wchar-subscripts -Wformat -Winline -Wmissing-declarations -Wmissing-prototypes -Wnested-externs -Wpointer-arith conftest.c >&5
configure:14506: $? = 0
configure:14506: result: yes
configure:14513: checking for sys/select.h
configure:14513: gcc -c -g -O2   -Wall -Wcast-align -Wchar-subscripts -Wformat -Winline -Wmissing-declarations -Wmissing-prototypes -Wnested-externs -Wpointer-arith conftest.c >&5
configure:14513: $? = 0
configure:14513: result: yes
configure:14520: checking for sys/types.h
configure:14520: result: yes
configure:14527: checking for sys/socket.h
configure:14527: gcc -c -g -O2   -Wall -Wcast-align -Wchar-subscripts -Wformat -Winline -Wmissing-declarations -Wmissing-prototypes -Wnested-externs -Wpointer-arith conftest.c >&5
configure:14527: $? = 0
configure:14527: result: yes
configure:14534: checking for sys/ioctl.h
configure:14534: gcc -c -g -O2   -Wall -Wcast-align -Wchar-subscripts -Wformat -Winline -Wmissing-declarations -Wmissing-prototypes -Wnested-externs -Wpointer-arith conftest.c >&5
configure:14534: $? = 0
configure:14534: result: yes
configure:14541: checking for sys/param.h
configure:14541: gcc -c -g -O2   -Wall -Wcast-align -Wchar-subscripts -Wformat -Winline -Wmissing-declarations -Wmissing-prototypes -Wnested-externs -Wpointer-arith conftest.c >&5
configure:14541: $? = 0
configure:14541: result: yes
configure:14548: checking for fcntl.h
configure:14548: gcc -c -g -O2   -Wall -Wcast-align -Wchar-subscripts -Wformat -Winline -Wmissing-declarations -Wmissing-prototypes -Wnested-externs -Wpointer-arith conftest.c >&5
configure:14548: $? = 0
configure:14548: result: yes
configure:14555: checking for sys/soundcard.h
configure:14555: gcc -c -g -O2   -Wall -Wcast-align -Wchar-subscripts -Wformat -Winline -Wmissing-declarations -Wmissing-prototypes -Wnested-externs -Wpointer-arith conftest.c >&5
configure:14555: $? = 0
configure:14555: result: yes
configure:14562: checking for arpa/inet.h
configure:14562: gcc -c -g -O2   -Wall -Wcast-align -Wchar-subscripts -Wformat -Winline -Wmissing-declarations -Wmissing-prototypes -Wnested-externs -Wpointer-arith conftest.c >&5
configure:14562: $? = 0
configure:14562: result: yes
configure:14569: checking for arpa/nameser.h
configure:14569: gcc -c -g -O2   -Wall -Wcast-align -Wchar-subscripts -Wformat -Winline -Wmissing-declarations -Wmissing-prototypes -Wnested-externs -Wpointer-arith conftest.c >&5
configure:14569: $? = 0
configure:14569: result: yes
configure:14576: checking for netdb.h
configure:14576: gcc -c -g -O2   -Wall -Wcast-align -Wchar-subscripts -Wformat -Winline -Wmissing-declarations -Wmissing-prototypes -Wnested-externs -Wpointer-arith conftest.c >&5
configure:14576: $? = 0
configure:14576: result: yes
configure:14583: checking for nameser8_compat.h
configure:14583: gcc -c -g -O2   -Wall -Wcast-align -Wchar-subscripts -Wformat -Winline -Wmissing-declarations -Wmissing-prototypes -Wnested-externs -Wpointer-arith conftest.c >&5
conftest.c:79:10: fatal error: nameser8_compat.h: No such file or directory
   79 | #include <nameser8_compat.h>
      |          ^~~~~~~~~~~~~~~~~~~
compilation terminated.
configure:14583: $? = 1
configure: failed program was:
| /* confdefs.h */
| #define PACKAGE_NAME "libeXosip2"
| #define PACKAGE_TARNAME "libexosip2"
| #define PACKAGE_VERSION "5.3.0"
| #define PACKAGE_STRING "libeXosip2 5.3.0"
| #define PACKAGE_BUGREPORT ""
| #define PACKAGE_URL ""
| #define PACKAGE "libexosip2"
| #define VERSION "5.3.0"
| #define HAVE_STDIO_H 1
| #define HAVE_STDLIB_H 1
| #define HAVE_STRING_H 1
| #define HAVE_INTTYPES_H 1
| #define HAVE_STDINT_H 1
| #define HAVE_STRINGS_H 1
| #define HAVE_SYS_STAT_H 1
| #define HAVE_SYS_TYPES_H 1
| #define HAVE_UNISTD_H 1
| #define STDC_HEADERS 1
| #define HAVE_DLFCN_H 1
| #define LT_OBJDIR ".libs/"
| #define HAVE_PTHREAD_PRIO_INHERIT 1
| #define HAVE_PTHREAD 1
| #define HAVE_SEMAPHORE_H 1
| #define HAVE_SYS_SEM_H 1
| #define HAVE_MEMORY_H 1
| #define HAVE_CTYPE_H 1
| #define HAVE_STRING_H 1
| #define HAVE_STRINGS_H 1
| #define HAVE_STDIO_H 1
| #define HAVE_STDLIB_H 1
| #define HAVE_LIMITS_H 1
| #define HAVE_UNISTD_H 1
| #define HAVE_STDARG_H 1
| #define HAVE_SYS_TIME_H 1
| #define HAVE_ASSERT_H 1
| #define HAVE_SIGNAL_H 1
| #define HAVE_SYS_SIGNAL_H 1
| #define HAVE_MALLOC_H 1
| #define HAVE_SYS_SELECT_H 1
| #define HAVE_SYS_TYPES_H 1
| #define HAVE_SYS_SOCKET_H 1
| #define HAVE_SYS_IOCTL_H 1
| #define HAVE_SYS_PARAM_H 1
| #define HAVE_FCNTL_H 1
| #define HAVE_SYS_SOUNDCARD_H 1
| #define HAVE_ARPA_INET_H 1
| #define HAVE_ARPA_NAMESER_H 1
| #define HAVE_NETDB_H 1
| /* end confdefs.h.  */
| #include <stddef.h>
| #ifdef HAVE_STDIO_H
| # include <stdio.h>
| #endif
| #ifdef HAVE_STDLIB_H
| # include <stdlib.h>
| #endif
| #ifdef HAVE_STRING_H
| # include <string.h>
| #endif
| #ifdef HAVE_INTTYPES_H
| # include <inttypes.h>
| #endif
| #ifdef HAVE_STDINT_H
| # include <stdint.h>
| #endif
| #ifdef HAVE_STRINGS_H
| # include <strings.h>
| #endif
| #ifdef HAVE_SYS_TYPES_H
| # include <sys/types.h>
| #endif
| #ifdef HAVE_SYS_STAT_H
| # include <sys/stat.h>
| #endif
| #ifdef HAVE_UNISTD_H
| # include <unistd.h>
| #endif
| #include <nameser8_compat.h>
configure:14583: result: no
configure:14590: checking for arpa/nameser_compat.h
configure:14590: gcc -c -g -O2   -Wall -Wcast-align -Wchar-subscripts -Wformat -Winline -Wmissing-declarations -Wmissing-prototypes -Wnested-externs -Wpointer-arith conftest.c >&5
configure:14590: $? = 0
configure:14590: result: yes
configure:14597: checking for netinet/tcp.h
configure:14597: gcc -c -g -O2   -Wall -Wcast-align -Wchar-subscripts -Wformat -Winline -Wmissing-declarations -Wmissing-prototypes -Wnested-externs -Wpointer-arith conftest.c >&5
configure:14597: $? = 0
configure:14597: result: yes
configure:14604: checking for netinet/in.h
configure:14604: gcc -c -g -O2   -Wall -Wcast-align -Wchar-subscripts -Wformat -Winline -Wmissing-declarations -Wmissing-prototypes -Wnested-externs -Wpointer-arith conftest.c >&5
configure:14604: $? = 0
configure:14604: result: yes
configure:14611: checking for regex.h
configure:14611: gcc -c -g -O2   -Wall -Wcast-align -Wchar-subscripts -Wformat -Winline -Wmissing-declarations -Wmissing-prototypes -Wnested-externs -Wpointer-arith conftest.c >&5
configure:14611: $? = 0
configure:14611: result: yes
configure:14618: checking for sys/epoll.h
configure:14618: gcc -c -g -O2   -Wall -Wcast-align -Wchar-subscripts -Wformat -Winline -Wmissing-declarations -Wmissing-prototypes -Wnested-externs -Wpointer-arith conftest.c >&5
configure:14618: $? = 0
configure:14618: result: yes
configure:14626: checking for resolv.h
configure:14626: gcc -c -g -O2   -Wall -Wcast-align -Wchar-subscripts -Wformat -Winline -Wmissing-declarations -Wmissing-prototypes -Wnested-externs -Wpointer-arith conftest.c >&5
configure:14626: $? = 0
configure:14626: result: yes
configure:14644: checking for getifaddrs
configure:14644: gcc -o conftest -g -O2   -Wall -Wcast-align -Wchar-subscripts -Wformat -Winline -Wmissing-declarations -Wmissing-prototypes -Wnested-externs -Wpointer-arith  conftest.c   >&5
configure:14644: $? = 0
configure:14644: result: yes
configure:14651: checking for gmtime_r
configure:14651: gcc -o conftest -g -O2   -Wall -Wcast-align -Wchar-subscripts -Wformat -Winline -Wmissing-declarations -Wmissing-prototypes -Wnested-externs -Wpointer-arith  conftest.c   >&5
configure:14651: $? = 0
configure:14651: result: yes
configure:14658: checking for gmtime
configure:14658: gcc -o conftest -g -O2   -Wall -Wcast-align -Wchar-subscripts -Wformat -Winline -Wmissing-declarations -Wmissing-prototypes -Wnested-externs -Wpointer-arith  conftest.c   >&5
configure:14658: $? = 0
configure:14658: result: yes
configure:14670: checking for openssl
configure:14677: $PKG_CONFIG --exists --print-errors "openssl"
configure:14680: $? = 0
configure:14694: $PKG_CONFIG --exists --print-errors "openssl"
configure:14697: $? = 0
configure:14921: result: yes
configure:14924: checking for openssl/ssl.h
configure:14924: gcc -c -g -O2   -Wall -Wcast-align -Wchar-subscripts -Wformat -Winline -Wmissing-declarations -Wmissing-prototypes -Wnested-externs -Wpointer-arith conftest.c >&5
configure:14924: $? = 0
configure:14924: result: yes
configure:15044: checking that generated files are newer than configure
configure:15050: result: done
configure:15081: creating ./config.status

## ---------------- ##
## Cache variables. ##
## ---------------- ##

Wall_cv_flag=yes
Wcast_align_cv_flag=yes
Wchar_subscripts_cv_flag=yes
Wformat_cv_flag=yes
Winline_cv_flag=yes
Wmissing_declarations_cv_flag=yes
Wmissing_prototypes_cv_flag=yes
Wnested_externs_cv_flag=yes
Wpointer_arith_cv_flag=yes
ac_cv_build=x86_64-unknown-linux-gnu
ac_cv_c_compiler_gnu=yes
ac_cv_env_CC_set=
ac_cv_env_CC_value=
ac_cv_env_CFLAGS_set=
ac_cv_env_CFLAGS_value=
ac_cv_env_CPPFLAGS_set=
ac_cv_env_CPPFLAGS_value=
ac_cv_env_CPP_set=
ac_cv_env_CPP_value=
ac_cv_env_LDFLAGS_set=
ac_cv_env_LDFLAGS_value=
ac_cv_env_LIBS_set=
ac_cv_env_LIBS_value=
ac_cv_env_LT_SYS_LIBRARY_PATH_set=
ac_cv_env_LT_SYS_LIBRARY_PATH_value=
ac_cv_env_OSIP_CFLAGS_set=
ac_cv_env_OSIP_CFLAGS_value=
ac_cv_env_OSIP_LIBS_set=
ac_cv_env_OSIP_LIBS_value=
ac_cv_env_PKG_CONFIG_LIBDIR_set=
ac_cv_env_PKG_CONFIG_LIBDIR_value=
ac_cv_env_PKG_CONFIG_PATH_set=
ac_cv_env_PKG_CONFIG_PATH_value=
ac_cv_env_PKG_CONFIG_set=
ac_cv_env_PKG_CONFIG_value=
ac_cv_env_SSL_CFLAGS_set=
ac_cv_env_SSL_CFLAGS_value=
ac_cv_env_SSL_LIBS_set=
ac_cv_env_SSL_LIBS_value=
ac_cv_env_build_alias_set=
ac_cv_env_build_alias_value=
ac_cv_env_host_alias_set=
ac_cv_env_host_alias_value=
ac_cv_env_target_alias_set=
ac_cv_env_target_alias_value=
ac_cv_func_getifaddrs=yes
ac_cv_func_gmtime=yes
ac_cv_func_gmtime_r=yes
ac_cv_header_arpa_inet_h=yes
ac_cv_header_arpa_nameser_compat_h=yes
ac_cv_header_arpa_nameser_h=yes
ac_cv_header_assert_h=yes
ac_cv_header_ctype_h=yes
ac_cv_header_dlfcn_h=yes
ac_cv_header_fcntl_h=yes
ac_cv_header_inttypes_h=yes
ac_cv_header_limits_h=yes
ac_cv_header_malloc_h=yes
ac_cv_header_memory_h=yes
ac_cv_header_nameser8_compat_h=no
ac_cv_header_netdb_h=yes
ac_cv_header_netinet_in_h=yes
ac_cv_header_netinet_tcp_h=yes
ac_cv_header_openssl_ssl_h=yes
ac_cv_header_regex_h=yes
ac_cv_header_resolv_h=yes
ac_cv_header_semaphore_h=yes
ac_cv_header_signal_h=yes
ac_cv_header_stdarg_h=yes
ac_cv_header_stdint_h=yes
ac_cv_header_stdio_h=yes
ac_cv_header_stdlib_h=yes
ac_cv_header_string_h=yes
ac_cv_header_strings_h=yes
ac_cv_header_sys_epoll_h=yes
ac_cv_header_sys_ioctl_h=yes
ac_cv_header_sys_param_h=yes
ac_cv_header_sys_select_h=yes
ac_cv_header_sys_sem_h=yes
ac_cv_header_sys_signal_h=yes
ac_cv_header_sys_socket_h=yes
ac_cv_header_sys_soundcard_h=yes
ac_cv_header_sys_stat_h=yes
ac_cv_header_sys_time_h=yes
ac_cv_header_sys_types_h=yes
ac_cv_header_unistd_h=yes
ac_cv_header_varargs_h=no
ac_cv_host=x86_64-unknown-linux-gnu
ac_cv_lib_cares_ares_init=no
ac_cv_lib_nsl_nis_add=yes
ac_cv_lib_posix4_sem_open=no
ac_cv_lib_resolv___res_query=no
ac_cv_lib_resolv_res_query=yes
ac_cv_lib_rt_clock_gettime=yes
ac_cv_lib_socket_sendto=no
ac_cv_objext=o
ac_cv_path_EGREP='/usr/bin/grep -E'
ac_cv_path_FGREP='/usr/bin/grep -F'
ac_cv_path_GREP=/usr/bin/grep
ac_cv_path_SED=/usr/bin/sed
ac_cv_path_ac_pt_PKG_CONFIG=/usr/bin/pkg-config
ac_cv_path_install='/usr/bin/install -c'
ac_cv_path_lt_DD=/usr/bin/dd
ac_cv_path_mkdir=/usr/bin/mkdir
ac_cv_prog_AWK=gawk
ac_cv_prog_CPP='gcc -E'
ac_cv_prog_ac_ct_AR=ar
ac_cv_prog_ac_ct_CC=gcc
ac_cv_prog_ac_ct_MANIFEST_TOOL=mt
ac_cv_prog_ac_ct_OBJDUMP=objdump
ac_cv_prog_ac_ct_RANLIB=ranlib
ac_cv_prog_ac_ct_STRIP=strip
ac_cv_prog_cc_c11=
ac_cv_prog_cc_g=yes
ac_cv_prog_cc_stdc=
ac_cv_prog_make_make_set=yes
am_cv_CC_dependencies_compiler_type=gcc3
am_cv_make_support_nested_variables=yes
am_cv_prog_cc_c_o=yes
ax_cv_PTHREAD_PRIO_INHERIT=yes
lt_cv_ar_at_file=@
lt_cv_archive_cmds_need_lc=no
lt_cv_deplibs_check_method=pass_all
lt_cv_file_magic_cmd='$MAGIC_CMD'
lt_cv_file_magic_test_file=
lt_cv_ld_reload_flag=-r
lt_cv_nm_interface='BSD nm'
lt_cv_objdir=.libs
lt_cv_path_LD=/usr/bin/ld
lt_cv_path_NM='/usr/bin/nm -B'
lt_cv_path_mainfest_tool=no
lt_cv_prog_compiler_c_o=yes
lt_cv_prog_compiler_pic='-fPIC -DPIC'
lt_cv_prog_compiler_pic_works=yes
lt_cv_prog_compiler_rtti_exceptions=no
lt_cv_prog_compiler_static_works=yes
lt_cv_prog_gnu_ld=yes
lt_cv_sharedlib_from_linklib_cmd='printf %s\n'
lt_cv_shlibpath_overrides_runpath=yes
lt_cv_sys_global_symbol_pipe='sed -n -e '\''s/^.*[	 ]\([ABCDGIRSTW][ABCDGIRSTW]*\)[	 ][	 ]*\([_A-Za-z][_A-Za-z0-9]*\)$/\1 \2 \2/p'\'' | sed '\''/ __gnu_lto/d'\'''
lt_cv_sys_global_symbol_to_c_name_address='sed -n -e '\''s/^: \(.*\) .*$/  {"\1", (void *) 0},/p'\'' -e '\''s/^[ABCDGIRSTW][ABCDGIRSTW]* .* \(.*\)$/  {"\1", (void *) \&\1},/p'\'''
lt_cv_sys_global_symbol_to_c_name_address_lib_prefix='sed -n -e '\''s/^: \(.*\) .*$/  {"\1", (void *) 0},/p'\'' -e '\''s/^[ABCDGIRSTW][ABCDGIRSTW]* .* \(lib.*\)$/  {"\1", (void *) \&\1},/p'\'' -e '\''s/^[ABCDGIRSTW][ABCDGIRSTW]* .* \(.*\)$/  {"lib\1", (void *) \&\1},/p'\'''
lt_cv_sys_global_symbol_to_cdecl='sed -n -e '\''s/^T .* \(.*\)$/extern int \1();/p'\'' -e '\''s/^[ABCDGIRSTW][ABCDGIRSTW]* .* \(.*\)$/extern char \1;/p'\'''
lt_cv_sys_global_symbol_to_import=
lt_cv_sys_max_cmd_len=1572864
lt_cv_to_host_file_cmd=func_convert_file_noop
lt_cv_to_tool_file_cmd=func_convert_file_noop
lt_cv_truncate_bin='/usr/bin/dd bs=4096 count=1'
pkg_cv_OSIP_CFLAGS=-I/usr/local/include
pkg_cv_OSIP_LIBS='-L/usr/local/lib -losipparser2 -losip2'
pkg_cv_SSL_CFLAGS=
pkg_cv_SSL_LIBS='-lssl -lcrypto'

## ----------------- ##
## Output variables. ##
## ----------------- ##

ACLOCAL='${SHELL} '\''/home/unasaw/sip_project/libexosip2-5.3.0/scripts/missing'\'' aclocal-1.16'
AMDEPBACKSLASH='\'
AMDEP_FALSE='#'
AMDEP_TRUE=''
AMTAR='$${TAR-tar}'
AM_BACKSLASH='\'
AM_DEFAULT_V='$(AM_DEFAULT_VERBOSITY)'
AM_DEFAULT_VERBOSITY='0'
AM_V='$(V)'
AR='ar'
AUTOCONF='${SHELL} '\''/home/unasaw/sip_project/libexosip2-5.3.0/scripts/missing'\'' autoconf'
AUTOHEADER='${SHELL} '\''/home/unasaw/sip_project/libexosip2-5.3.0/scripts/missing'\'' autoheader'
AUTOMAKE='${SHELL} '\''/home/unasaw/sip_project/libexosip2-5.3.0/scripts/missing'\'' automake-1.16'
AWK='gawk'
BUILD_MAXSIZE_FALSE='#'
BUILD_MAXSIZE_TRUE=''
CC='gcc'
CCDEPMODE='depmode=gcc3'
CFLAGS='-g -O2 '
COMPILE_TOOLS_FALSE='#'
COMPILE_TOOLS_TRUE=''
CPP='gcc -E'
CPPFLAGS=' -Wall -Wcast-align -Wchar-subscripts -Wformat -Winline -Wmissing-declarations -Wmissing-prototypes -Wnested-externs -Wpointer-arith'
CSCOPE='cscope'
CTAGS='ctags'
CYGPATH_W='echo'
DEFS='-DHAVE_CONFIG_H'
DEPDIR='.deps'
DLLTOOL='false'
DSYMUTIL=''
DUMPBIN=''
ECHO_C=''
ECHO_N='-n'
ECHO_T=''
EGREP='/usr/bin/grep -E'
ETAGS='etags'
EXEEXT=''
EXOSIP_FLAGS=' -DENABLE_TRACE'
EXOSIP_LIB=' -lnsl -lrt -lresolv -lssl -lcrypto'
EXOSIP_VERSION=''
FGREP='/usr/bin/grep -F'
GREP='/usr/bin/grep'
INSTALL_DATA='${INSTALL} -m 644'
INSTALL_PROGRAM='${INSTALL}'
INSTALL_SCRIPT='${INSTALL}'
INSTALL_STRIP_PROGRAM='$(install_sh) -c -s'
LD='/usr/bin/ld -m elf_x86_64'
LDFLAGS=''
LIBEXOSIP_SO_VERSION='15:0:0'
LIBOBJS=''
LIBS=' '
LIBTOOL='$(SHELL) $(top_builddir)/libtool'
LIPO=''
LN_S='ln -s'
LTLIBOBJS=''
LT_SYS_LIBRARY_PATH=''
MAKEINFO='${SHELL} '\''/home/unasaw/sip_project/libexosip2-5.3.0/scripts/missing'\'' makeinfo'
MANIFEST_TOOL=':'
MKDIR_P='/usr/bin/mkdir -p'
NM='/usr/bin/nm -B'
NMEDIT=''
OBJDUMP='objdump'
OBJEXT='o'
OSIP_CFLAGS='-I/usr/local/include'
OSIP_LIBS='-L/usr/local/lib -losipparser2 -losip2'
OTOOL64=''
OTOOL=''
PACKAGE='libexosip2'
PACKAGE_BUGREPORT=''
PACKAGE_NAME='libeXosip2'
PACKAGE_STRING='libeXosip2 5.3.0'
PACKAGE_TARNAME='libexosip2'
PACKAGE_URL=''
PACKAGE_VERSION='5.3.0'
PATH_SEPARATOR=':'
PKG_CONFIG='/usr/bin/pkg-config'
PKG_CONFIG_LIBDIR=''
PKG_CONFIG_PATH=''
PTHREAD_CC='gcc'
PTHREAD_CFLAGS=''
PTHREAD_LIBS=''
RANLIB='ranlib'
SED='/usr/bin/sed'
SET_MAKE=''
SHELL='/bin/bash'
SSL_CFLAGS=''
SSL_LIBS='-lssl -lcrypto'
STRIP='strip'
VERSION='5.3.0'
ac_ct_AR='ar'
ac_ct_CC='gcc'
ac_ct_DUMPBIN=''
am__EXEEXT_FALSE=''
am__EXEEXT_TRUE='#'
am__fastdepCC_FALSE='#'
am__fastdepCC_TRUE=''
am__include='include'
am__isrc=''
am__leading_dot='.'
am__nodep='_no'
am__quote=''
am__tar='$${TAR-tar} chof - "$$tardir"'
am__untar='$${TAR-tar} xf -'
ax_pthread_config=''
bindir='${exec_prefix}/bin'
build='x86_64-unknown-linux-gnu'
build_alias=''
build_cpu='x86_64'
build_os='linux-gnu'
build_vendor='unknown'
datadir='${datarootdir}'
datarootdir='${prefix}/share'
docdir='${datarootdir}/doc/${PACKAGE_TARNAME}'
dvidir='${docdir}'
exec_prefix='${prefix}'
host='x86_64-unknown-linux-gnu'
host_alias=''
host_cpu='x86_64'
host_os='linux-gnu'
host_vendor='unknown'
htmldir='${docdir}'
includedir='${prefix}/include'
infodir='${datarootdir}/info'
install_sh='${SHELL} /home/unasaw/sip_project/libexosip2-5.3.0/scripts/install-sh'
libdir='${exec_prefix}/lib'
libexecdir='${exec_prefix}/libexec'
localedir='${datarootdir}/locale'
localstatedir='${prefix}/var'
mandir='${datarootdir}/man'
mkdir_p='$(MKDIR_P)'
oldincludedir='/usr/include'
pdfdir='${docdir}'
prefix='/usr/local'
program_transform_name='s,x,x,'
psdir='${docdir}'
runstatedir='${localstatedir}/run'
sbindir='${exec_prefix}/sbin'
sharedstatedir='${prefix}/com'
sysconfdir='${prefix}/etc'
target_alias=''

## ----------- ##
## confdefs.h. ##
## ----------- ##

/* confdefs.h */
#define PACKAGE_NAME "libeXosip2"
#define PACKAGE_TARNAME "libexosip2"
#define PACKAGE_VERSION "5.3.0"
#define PACKAGE_STRING "libeXosip2 5.3.0"
#define PACKAGE_BUGREPORT ""
#define PACKAGE_URL ""
#define PACKAGE "libexosip2"
#define VERSION "5.3.0"
#define HAVE_STDIO_H 1
#define HAVE_STDLIB_H 1
#define HAVE_STRING_H 1
#define HAVE_INTTYPES_H 1
#define HAVE_STDINT_H 1
#define HAVE_STRINGS_H 1
#define HAVE_SYS_STAT_H 1
#define HAVE_SYS_TYPES_H 1
#define HAVE_UNISTD_H 1
#define STDC_HEADERS 1
#define HAVE_DLFCN_H 1
#define LT_OBJDIR ".libs/"
#define HAVE_PTHREAD_PRIO_INHERIT 1
#define HAVE_PTHREAD 1
#define HAVE_SEMAPHORE_H 1
#define HAVE_SYS_SEM_H 1
#define HAVE_MEMORY_H 1
#define HAVE_CTYPE_H 1
#define HAVE_STRING_H 1
#define HAVE_STRINGS_H 1
#define HAVE_STDIO_H 1
#define HAVE_STDLIB_H 1
#define HAVE_LIMITS_H 1
#define HAVE_UNISTD_H 1
#define HAVE_STDARG_H 1
#define HAVE_SYS_TIME_H 1
#define HAVE_ASSERT_H 1
#define HAVE_SIGNAL_H 1
#define HAVE_SYS_SIGNAL_H 1
#define HAVE_MALLOC_H 1
#define HAVE_SYS_SELECT_H 1
#define HAVE_SYS_TYPES_H 1
#define HAVE_SYS_SOCKET_H 1
#define HAVE_SYS_IOCTL_H 1
#define HAVE_SYS_PARAM_H 1
#define HAVE_FCNTL_H 1
#define HAVE_SYS_SOUNDCARD_H 1
#define HAVE_ARPA_INET_H 1
#define HAVE_ARPA_NAMESER_H 1
#define HAVE_NETDB_H 1
#define HAVE_ARPA_NAMESER_COMPAT_H 1
#define HAVE_NETINET_TCP_H 1
#define HAVE_NETINET_IN_H 1
#define HAVE_REGEX_H 1
#define HAVE_SYS_EPOLL_H 1
#define HAVE_RESOLV_H 1
#define HAVE_GETIFADDRS 1
#define HAVE_GMTIME_R 1
#define HAVE_GMTIME 1
#define HAVE_OPENSSL_SSL_H 1
#define SRV_RECORD 1

configure: exit 0

## ---------------------- ##
## Running config.status. ##
## ---------------------- ##

This file was extended by libeXosip2 config.status 5.3.0, which was
generated by GNU Autoconf 2.71.  Invocation command line was

  CONFIG_FILES    = 
  CONFIG_HEADERS  = 
  CONFIG_LINKS    = 
  CONFIG_COMMANDS = 
  $ ./config.status 

on HP

config.status:1148: creating Makefile
config.status:1148: creating scripts/Makefile
config.status:1148: creating platform/Makefile
config.status:1148: creating platform/vsnet/Makefile
config.status:1148: creating include/Makefile
config.status:1148: creating include/eXosip2/Makefile
config.status:1148: creating src/Makefile
config.status:1148: creating tools/Makefile
config.status:1148: creating help/Makefile
config.status:1148: creating help/doxygen/Makefile
config.status:1148: creating help/doxygen/doxygen.dox
config.status:1148: creating exosip-config.h
config.status:1329: exosip-config.h is unchanged
config.status:1377: executing depfiles commands
config.status:1454: cd src       && sed -e '/# am--include-marker/d' Makefile         | make -f - am--depfiles
make[1]: Entering directory '/home/unasaw/sip_project/libexosip2-5.3.0/src'
make[1]: Nothing to be done for 'am--depfiles'.
make[1]: Leaving directory '/home/unasaw/sip_project/libexosip2-5.3.0/src'
config.status:1459: $? = 0
config.status:1454: cd tools       && sed -e '/# am--include-marker/d' Makefile         | make -f - am--depfiles
make[1]: Entering directory '/home/unasaw/sip_project/libexosip2-5.3.0/tools'
make[1]: Nothing to be done for 'am--depfiles'.
make[1]: Leaving directory '/home/unasaw/sip_project/libexosip2-5.3.0/tools'
config.status:1459: $? = 0
config.status:1377: executing libtool commands

## ---------------------- ##
## Running config.status. ##
## ---------------------- ##

This file was extended by libeXosip2 config.status 5.3.0, which was
generated by GNU Autoconf 2.71.  Invocation command line was

  CONFIG_FILES    = 
  CONFIG_HEADERS  = 
  CONFIG_LINKS    = 
  CONFIG_COMMANDS = 
  $ ./config.status exosip-config.h

on HP

config.status:1148: creating exosip-config.h
